#
# A fatal error has been detected by the Java Runtime Environment:
#
#  SIGSEGV (0xb) at pc=0x00007fff9aea5b5d, pid=22287, tid=0x000000000000080b
#
# JRE version: Java(TM) SE Runtime Environment (8.0_112-b04) (build 1.8.0_112-ea-b04)
# Java VM: Java HotSpot(TM) 64-Bit Server VM (25.112-b04 mixed mode bsd-amd64 compressed oops)
# Problematic frame:
# C  [libobjc.A.dylib+0x6b5d]  objc_msgSend+0x1d
#
# Failed to write core dump. Core dumps have been disabled. To enable core dumping, try "ulimit -c unlimited" before starting Java again
#
# If you would like to submit a bug report, please visit:
#   http://bugreport.java.com/bugreport/crash.jsp
# The crash happened outside the Java Virtual Machine in native code.
# See problematic frame for where to report the bug.
#

---------------  T H R E A D  ---------------

Current thread (0x00007f8b1c896000):  JavaThread "JavaFX Application Thread" [_thread_in_native, id=2059, stack(0x00007fff567e1000,0x00007fff56fe1000)]

siginfo: si_signo: 11 (SIGSEGV), si_code: 1 (SEGV_MAPERR), si_addr: 0x0000000000000018

Registers:
RAX=0x0000000069636f6e, RBX=0x00007fff56fd8ca0, RCX=0x00007fff56fd8ca0, RDX=0x00007f8b235705a0
RSP=0x00007fff56fd8c68, RBP=0x00007fff56fd8d00, RSI=0x00007fff92fca090, RDI=0x00007f8b240ed5d0
R8 =0x0000000000000010, R9 =0x00007f8b23561b60, R10=0x0000000000000000, R11=0x00007fff92fca090
R12=0x00007f8b240ed5d0, R13=0x00007fff56fd8c88, R14=0x00007f8b235705a0, R15=0x00007f8b1bfab4d0
RIP=0x00007fff9aea5b5d, EFLAGS=0x0000000000010246, ERR=0x0000000000000004
  TRAPNO=0x000000000000000e

Top of Stack: (sp=0x00007fff56fd8c68)
0x00007fff56fd8c68:   00007fff92f3de0d 0000000000000008
0x00007fff56fd8c78:   00007f8b240ed5d0 00007f8b23349990
0x00007fff56fd8c88:   00007f8b2350b770 00007f8b2350b780
0x00007fff56fd8c98:   00007f8b2350b780 00007fff56fd8cd0
0x00007fff56fd8ca8:   00007fff924ddd24 00007fff56fd8ce8
0x00007fff56fd8cb8:   0000000000000001 00007f8b1bfab4c0
0x00007fff56fd8cc8:   00007f8b1e4c5c50 866a0e16608d00b9
0x00007fff56fd8cd8:   00007f8b240a5870 00007fff56fd8d70
0x00007fff56fd8ce8:   00007f8b24047020 00007f8b235705a0
0x00007fff56fd8cf8:   00007f8b24047020 00007fff56fd8d30
0x00007fff56fd8d08:   00007fff92d6901a 00007f8b235705a0
0x00007fff56fd8d18:   00007f8b235705a8 00007fff92d68fbe
0x00007fff56fd8d28:   00007fff56fd8d70 00007fff56fd8e60
0x00007fff56fd8d38:   00007fff92d68c32 0000000108c3ea00
0x00007fff56fd8d48:   0000000000000001 0000000108c3b000
0x00007fff56fd8d58:   0000000000000006 00007fff56fd8df0
0x00007fff56fd8d68:   00007fff9b92a4fc 00007f8b240a5818
0x00007fff56fd8d78:   00007f8b240a5800 0000000108c3b000
0x00007fff56fd8d88:   00007f8b1e6fc080 00007f8b1e68f040
0x00007fff56fd8d98:   00007f8b1e68f0a0 0000000000000006
0x00007fff56fd8da8:   00000003a43d6480 0000000000000060
0x00007fff56fd8db8:   0000000108c40800 00007f8b1e600000
0x00007fff56fd8dc8:   0000000000000003 0000000108c40800
0x00007fff56fd8dd8:   0000000000000006 0000000108c3b000
0x00007fff56fd8de8:   00007f8b1e600000 00007f8b235705a0
0x00007fff56fd8df8:   00007f8b235705a8 00007f8b235705a8
0x00007fff56fd8e08:   00007fff56fd8f00 00007f8b240283b0
0x00007fff56fd8e18:   0000000000000002 00007f8b1e4c5c40
0x00007fff56fd8e28:   0000000000000001 000000003f800000
0x00007fff56fd8e38:   00007f8b24047020 00007fff56fd8f00
0x00007fff56fd8e48:   00007f8b1bdc9250 ffffffffffffffff
0x00007fff56fd8e58:   0000000000000000 00007fff56fd8ea0 

Instructions: (pc=0x00007fff9aea5b5d)
0x00007fff9aea5b3d:   0f 1f 00 48 85 ff 2e 74 62 40 f6 c7 01 2e 75 66
0x00007fff9aea5b4d:   49 ba f8 ff ff ff ff 7f 00 00 4c 23 17 49 89 f3
0x00007fff9aea5b5d:   45 23 5a 18 49 c1 e3 04 4d 03 5a 10 49 3b 33 75
0x00007fff9aea5b6d:   04 41 ff 63 08 49 83 3b 01 76 0d 49 83 c3 10 49 

Register to memory mapping:

RAX=0x0000000069636f6e is an unknown value
RBX=0x00007fff56fd8ca0 is pointing into the stack for thread: 0x00007f8b1c896000
RCX=0x00007fff56fd8ca0 is pointing into the stack for thread: 0x00007f8b1c896000
RDX=0x00007f8b235705a0 is an unknown value
RSP=0x00007fff56fd8c68 is pointing into the stack for thread: 0x00007f8b1c896000
RBP=0x00007fff56fd8d00 is pointing into the stack for thread: 0x00007f8b1c896000
RSI=0x00007fff92fca090: FinderKitVersionNumber+0x24ba8 in /System/Library/PrivateFrameworks/FinderKit.framework/Versions/A/FinderKit at 0x00007fff92d18000
RDI=0x00007f8b240ed5d0 is an unknown value
R8 =0x0000000000000010 is an unknown value
R9 =0x00007f8b23561b60 is an unknown value
R10=0x0000000000000000 is an unknown value
R11=0x00007fff92fca090: FinderKitVersionNumber+0x24ba8 in /System/Library/PrivateFrameworks/FinderKit.framework/Versions/A/FinderKit at 0x00007fff92d18000
R12=0x00007f8b240ed5d0 is an unknown value
R13=0x00007fff56fd8c88 is pointing into the stack for thread: 0x00007f8b1c896000
R14=0x00007f8b235705a0 is an unknown value
R15=0x00007f8b1bfab4d0 is an unknown value


Stack: [0x00007fff567e1000,0x00007fff56fe1000],  sp=0x00007fff56fd8c68,  free space=8159k
Native frames: (J=compiled Java code, j=interpreted, Vv=VM code, C=native code)
C  [libobjc.A.dylib+0x6b5d]  objc_msgSend+0x1d
C  [FinderKit+0x5101a]  TCoalescingNodeObserver::HandleDeferredEventsForNode(TFENode const&, std::__1::shared_ptr<TCoalescedEvents>)+0x5c
C  [FinderKit+0x50c32]  TCoalescingNodeObserver::ProcessDeferredEvents()+0x390
C  [FinderKit+0x51313]  TCoalescingNodeObserver::RunDeferredHandlers()+0x47
C  [FinderKit+0x76234]  TNodeEventHandler::HandleNodeEvents(OpaqueEventQueue*, bool)+0xc2
C  [FinderKit+0x76c28]  TMainEventHandler::NodeTickleProc(OpaqueEventQueue*)+0x54
C  [DesktopServicesPriv+0x8c511]  invocation function for block in TClientChangeNotifier::WakeUp()+0x31
C  [CoreFoundation+0xa73ac]  __CFRUNLOOP_IS_CALLING_OUT_TO_A_BLOCK__+0xc
C  [CoreFoundation+0x88424]  __CFRunLoopDoBlocks+0x164
C  [CoreFoundation+0x87ba5]  __CFRunLoopRun+0x395
C  [CoreFoundation+0x875b4]  CFRunLoopRunSpecific+0x1a4
C  [Foundation+0x22cb2]  -[NSRunLoop(NSRunLoop) runMode:beforeDate:]+0x115
C  [libglass.dylib+0x66d8]  +[GlassApplication enterNestedEventLoopWithEnv:]+0x88
C  [libglass.dylib+0x713a]  Java_com_sun_glass_ui_mac_MacApplication__1enterNestedEventLoopImpl+0x4a
j  com.sun.glass.ui.mac.MacApplication._enterNestedEventLoopImpl()Ljava/lang/Object;+0
j  com.sun.glass.ui.mac.MacApplication._enterNestedEventLoop()Ljava/lang/Object;+15
j  com.sun.glass.ui.Application.enterNestedEventLoop()Ljava/lang/Object;+14
j  com.sun.glass.ui.EventLoop.enter()Ljava/lang/Object;+42
v  ~StubRoutines::call_stub
V  [libjvm.dylib+0x2df6ea]  JavaCalls::call_helper(JavaValue*, methodHandle*, JavaCallArguments*, Thread*)+0x6ae
V  [libjvm.dylib+0x2f9eca]  jni_invoke_nonstatic(JNIEnv_*, JavaValue*, _jobject*, JNICallType, _jmethodID*, JNI_ArgumentPusher*, Thread*)+0x2ec
V  [libjvm.dylib+0x2ea01f]  jni_CallObjectMethod+0x16b
C  [libglass.dylib+0x8b6b]  -[DialogDispatcher runModally]+0x20b
C  [Foundation+0x325e6]  -[NSObject(NSThreadPerformAdditions) performSelector:onThread:withObject:waitUntilDone:modes:]+0x446
C  [Foundation+0x32122]  -[NSObject(NSThreadPerformAdditions) performSelectorOnMainThread:withObject:waitUntilDone:]+0x83
C  [libglass.dylib+0x9cba]  Java_com_sun_glass_ui_mac_MacCommonDialogs__1showFileOpenChooser+0x2da
j  com.sun.glass.ui.mac.MacCommonDialogs._showFileOpenChooser(JLjava/lang/String;Ljava/lang/String;Z[Lcom/sun/glass/ui/CommonDialogs$ExtensionFilter;I)Lcom/sun/glass/ui/CommonDialogs$FileChooserResult;+0
j  com.sun.glass.ui.mac.MacCommonDialogs.showFileChooser_impl(Lcom/sun/glass/ui/Window;Ljava/lang/String;Ljava/lang/String;Ljava/lang/String;IZ[Lcom/sun/glass/ui/CommonDialogs$ExtensionFilter;I)Lcom/sun/glass/ui/CommonDialogs$FileChooserResult;+29
j  com.sun.glass.ui.mac.MacApplication.staticCommonDialogs_showFileChooser(Lcom/sun/glass/ui/Window;Ljava/lang/String;Ljava/lang/String;Ljava/lang/String;IZ[Lcom/sun/glass/ui/CommonDialogs$ExtensionFilter;I)Lcom/sun/glass/ui/CommonDialogs$FileChooserResult;+13
j  com.sun.glass.ui.CommonDialogs.showFileChooser(Lcom/sun/glass/ui/Window;Ljava/io/File;Ljava/lang/String;Ljava/lang/String;IZLjava/util/List;I)Lcom/sun/glass/ui/CommonDialogs$FileChooserResult;+121
j  com.sun.javafx.tk.quantum.QuantumToolkit.showFileChooser(Lcom/sun/javafx/tk/TKStage;Ljava/lang/String;Ljava/io/File;Ljava/lang/String;Lcom/sun/javafx/tk/FileChooserType;Ljava/util/List;Ljavafx/stage/FileChooser$ExtensionFilter;)Lcom/sun/glass/ui/CommonDialogs$FileChooserResult;+72
j  javafx.stage.FileChooser.showDialog(Ljavafx/stage/Window;Lcom/sun/javafx/tk/FileChooserType;)Ljava/util/List;+36
j  javafx.stage.FileChooser.showOpenDialog(Ljavafx/stage/Window;)Ljava/io/File;+5
j  util.filehelpers.FileLoader.FileLoader.loadSingle()Ljava/io/File;+8
j  author.view.util.game_info.GameInfoEditWindow.lambda$1(Ljavafx/scene/input/MouseEvent;)V+4
j  author.view.util.game_info.GameInfoEditWindow$$Lambda$403.handle(Ljavafx/event/Event;)V+8
J 4665 C2 com.sun.javafx.event.EventHandlerManager.dispatchBubblingEvent(Ljavafx/event/Event;)Ljavafx/event/Event; (23 bytes) @ 0x000000011157d124 [0x000000011157c8c0+0x864]
J 4920 C2 com.sun.javafx.event.CompositeEventDispatcher.dispatchBubblingEvent(Ljavafx/event/Event;)Ljavafx/event/Event; (35 bytes) @ 0x00000001115ee88c [0x00000001115ee820+0x6c]
J 4651 C2 com.sun.javafx.event.BasicEventDispatcher.dispatchEvent(Ljavafx/event/Event;Ljavafx/event/EventDispatchChain;)Ljavafx/event/Event; (44 bytes) @ 0x00000001115687b0 [0x0000000111568680+0x130]
J 4651 C2 com.sun.javafx.event.BasicEventDispatcher.dispatchEvent(Ljavafx/event/Event;Ljavafx/event/EventDispatchChain;)Ljavafx/event/Event; (44 bytes) @ 0x000000011156876c [0x0000000111568680+0xec]
J 4651 C2 com.sun.javafx.event.BasicEventDispatcher.dispatchEvent(Ljavafx/event/Event;Ljavafx/event/EventDispatchChain;)Ljavafx/event/Event; (44 bytes) @ 0x000000011156876c [0x0000000111568680+0xec]
J 4445 C2 com.sun.javafx.event.EventDispatchChainImpl.dispatchEvent(Ljavafx/event/Event;)Ljavafx/event/Event; (101 bytes) @ 0x0000000110d38ed8 [0x0000000110d38e20+0xb8]
J 3972 C1 com.sun.javafx.event.EventUtil.fireEvent(Ljavafx/event/EventTarget;Ljavafx/event/Event;)Ljavafx/event/Event; (81 bytes) @ 0x00000001112c97bc [0x00000001112c90a0+0x71c]
J 3986 C1 javafx.scene.Scene$ClickGenerator.postProcess(Ljavafx/scene/input/MouseEvent;Ljavafx/scene/Scene$TargetWrapper;Ljavafx/scene/Scene$TargetWrapper;)V (258 bytes) @ 0x00000001112ed694 [0x00000001112ebdc0+0x18d4]
J 2966 C1 javafx.scene.Scene$MouseHandler.process(Ljavafx/scene/input/MouseEvent;Z)V (735 bytes) @ 0x000000011111ef3c [0x000000011111c1a0+0x2d9c]
J 4189 C1 javafx.scene.Scene$ScenePeerListener.mouseEvent(Ljavafx/event/EventType;DDDDLjavafx/scene/input/MouseButton;ZZZZZZZZZ)V (50 bytes) @ 0x00000001113a2ef4 [0x00000001113a2c20+0x2d4]
J 4184 C1 com.sun.javafx.tk.quantum.GlassViewEventHandler$MouseEventNotification.run()Ljava/lang/Void; (567 bytes) @ 0x00000001113a0e9c [0x00000001113a00c0+0xddc]
J 4183 C1 com.sun.javafx.tk.quantum.GlassViewEventHandler$MouseEventNotification.run()Ljava/lang/Object; (5 bytes) @ 0x000000011139760c [0x0000000111397580+0x8c]
v  ~StubRoutines::call_stub
V  [libjvm.dylib+0x2df6ea]  JavaCalls::call_helper(JavaValue*, methodHandle*, JavaCallArguments*, Thread*)+0x6ae
V  [libjvm.dylib+0x322f18]  JVM_DoPrivileged+0x4b8
J 2157  java.security.AccessController.doPrivileged(Ljava/security/PrivilegedAction;Ljava/security/AccessControlContext;)Ljava/lang/Object; (0 bytes) @ 0x0000000110f461d5 [0x0000000110f46100+0xd5]
J 4149 C1 com.sun.javafx.tk.quantum.GlassViewEventHandler$$Lambda$193.get()Ljava/lang/Object; (8 bytes) @ 0x0000000111379524 [0x0000000111379340+0x1e4]
J 4927 C2 com.sun.javafx.tk.quantum.QuantumToolkit.runWithoutRenderLock(Ljava/util/function/Supplier;)Ljava/lang/Object; (49 bytes) @ 0x0000000111636984 [0x0000000111636920+0x64]
J 4146 C1 com.sun.javafx.tk.quantum.GlassViewEventHandler.handleMouseEvent(Lcom/sun/glass/ui/View;JIIIIIIIZZ)V (108 bytes) @ 0x0000000111375a24 [0x0000000111375600+0x424]
J 3975 C1 com.sun.glass.ui.View.notifyMouse(IIIIIIIZZ)V (221 bytes) @ 0x00000001112c6504 [0x00000001112c54a0+0x1064]
v  ~StubRoutines::call_stub
V  [libjvm.dylib+0x2df6ea]  JavaCalls::call_helper(JavaValue*, methodHandle*, JavaCallArguments*, Thread*)+0x6ae
V  [libjvm.dylib+0x2f9eca]  jni_invoke_nonstatic(JNIEnv_*, JavaValue*, _jobject*, JNICallType, _jmethodID*, JNI_ArgumentPusher*, Thread*)+0x2ec
V  [libjvm.dylib+0x2ec743]  jni_CallVoidMethod+0x16b
C  [libglass.dylib+0x2055c]  -[GlassViewDelegate sendJavaMouseEvent:]+0x86c
C  [AppKit+0x8b5dfe]  -[NSWindow(NSEventRouting) _reallySendEvent:isDelayedEvent:]+0x608
C  [AppKit+0x8b542a]  -[NSWindow(NSEventRouting) sendEvent:]+0x21d
C  [libglass.dylib+0x25994]  -[GlassWindow_Normal sendEvent:]+0x74
C  [AppKit+0x755bf5]  -[NSApplication(NSEvent) sendEvent:]+0x479
C  [AppKit+0x3c009]  -[NSApplication run]+0x3ea
C  [libglass.dylib+0x651c]  -[GlassApplication runLoop:]+0x72c
C  [Foundation+0x71f2a]  __NSThreadPerformPerform+0x146
C  [CoreFoundation+0xa7551]  __CFRUNLOOP_IS_CALLING_OUT_TO_A_SOURCE0_PERFORM_FUNCTION__+0x11
C  [CoreFoundation+0x886bd]  __CFRunLoopDoSources0+0x22d
C  [CoreFoundation+0x87bb6]  __CFRunLoopRun+0x3a6
C  [CoreFoundation+0x875b4]  CFRunLoopRunSpecific+0x1a4
C  [java+0x6465]  CreateExecutionEnvironment+0x367
C  [java+0x218c]  JLI_Launch+0x7a0
C  [java+0x84c2]  main+0x65
C  [java+0x19e4]  start+0x34
C  0x0000000000000005

Java frames: (J=compiled Java code, j=interpreted, Vv=VM code)
j  com.sun.glass.ui.mac.MacApplication._enterNestedEventLoopImpl()Ljava/lang/Object;+0
j  com.sun.glass.ui.mac.MacApplication._enterNestedEventLoop()Ljava/lang/Object;+15
j  com.sun.glass.ui.Application.enterNestedEventLoop()Ljava/lang/Object;+14
j  com.sun.glass.ui.EventLoop.enter()Ljava/lang/Object;+42
v  ~StubRoutines::call_stub
j  com.sun.glass.ui.mac.MacCommonDialogs._showFileOpenChooser(JLjava/lang/String;Ljava/lang/String;Z[Lcom/sun/glass/ui/CommonDialogs$ExtensionFilter;I)Lcom/sun/glass/ui/CommonDialogs$FileChooserResult;+0
j  com.sun.glass.ui.mac.MacCommonDialogs.showFileChooser_impl(Lcom/sun/glass/ui/Window;Ljava/lang/String;Ljava/lang/String;Ljava/lang/String;IZ[Lcom/sun/glass/ui/CommonDialogs$ExtensionFilter;I)Lcom/sun/glass/ui/CommonDialogs$FileChooserResult;+29
j  com.sun.glass.ui.mac.MacApplication.staticCommonDialogs_showFileChooser(Lcom/sun/glass/ui/Window;Ljava/lang/String;Ljava/lang/String;Ljava/lang/String;IZ[Lcom/sun/glass/ui/CommonDialogs$ExtensionFilter;I)Lcom/sun/glass/ui/CommonDialogs$FileChooserResult;+13
j  com.sun.glass.ui.CommonDialogs.showFileChooser(Lcom/sun/glass/ui/Window;Ljava/io/File;Ljava/lang/String;Ljava/lang/String;IZLjava/util/List;I)Lcom/sun/glass/ui/CommonDialogs$FileChooserResult;+121
j  com.sun.javafx.tk.quantum.QuantumToolkit.showFileChooser(Lcom/sun/javafx/tk/TKStage;Ljava/lang/String;Ljava/io/File;Ljava/lang/String;Lcom/sun/javafx/tk/FileChooserType;Ljava/util/List;Ljavafx/stage/FileChooser$ExtensionFilter;)Lcom/sun/glass/ui/CommonDialogs$FileChooserResult;+72
j  javafx.stage.FileChooser.showDialog(Ljavafx/stage/Window;Lcom/sun/javafx/tk/FileChooserType;)Ljava/util/List;+36
j  javafx.stage.FileChooser.showOpenDialog(Ljavafx/stage/Window;)Ljava/io/File;+5
j  util.filehelpers.FileLoader.FileLoader.loadSingle()Ljava/io/File;+8
j  author.view.util.game_info.GameInfoEditWindow.lambda$1(Ljavafx/scene/input/MouseEvent;)V+4
j  author.view.util.game_info.GameInfoEditWindow$$Lambda$403.handle(Ljavafx/event/Event;)V+8
J 4665 C2 com.sun.javafx.event.EventHandlerManager.dispatchBubblingEvent(Ljavafx/event/Event;)Ljavafx/event/Event; (23 bytes) @ 0x000000011157d124 [0x000000011157c8c0+0x864]
J 4920 C2 com.sun.javafx.event.CompositeEventDispatcher.dispatchBubblingEvent(Ljavafx/event/Event;)Ljavafx/event/Event; (35 bytes) @ 0x00000001115ee88c [0x00000001115ee820+0x6c]
J 4651 C2 com.sun.javafx.event.BasicEventDispatcher.dispatchEvent(Ljavafx/event/Event;Ljavafx/event/EventDispatchChain;)Ljavafx/event/Event; (44 bytes) @ 0x00000001115687b0 [0x0000000111568680+0x130]
J 4651 C2 com.sun.javafx.event.BasicEventDispatcher.dispatchEvent(Ljavafx/event/Event;Ljavafx/event/EventDispatchChain;)Ljavafx/event/Event; (44 bytes) @ 0x000000011156876c [0x0000000111568680+0xec]
J 4651 C2 com.sun.javafx.event.BasicEventDispatcher.dispatchEvent(Ljavafx/event/Event;Ljavafx/event/EventDispatchChain;)Ljavafx/event/Event; (44 bytes) @ 0x000000011156876c [0x0000000111568680+0xec]
J 4445 C2 com.sun.javafx.event.EventDispatchChainImpl.dispatchEvent(Ljavafx/event/Event;)Ljavafx/event/Event; (101 bytes) @ 0x0000000110d38ed8 [0x0000000110d38e20+0xb8]
J 3972 C1 com.sun.javafx.event.EventUtil.fireEvent(Ljavafx/event/EventTarget;Ljavafx/event/Event;)Ljavafx/event/Event; (81 bytes) @ 0x00000001112c97bc [0x00000001112c90a0+0x71c]
J 3986 C1 javafx.scene.Scene$ClickGenerator.postProcess(Ljavafx/scene/input/MouseEvent;Ljavafx/scene/Scene$TargetWrapper;Ljavafx/scene/Scene$TargetWrapper;)V (258 bytes) @ 0x00000001112ed694 [0x00000001112ebdc0+0x18d4]
J 2966 C1 javafx.scene.Scene$MouseHandler.process(Ljavafx/scene/input/MouseEvent;Z)V (735 bytes) @ 0x000000011111ef3c [0x000000011111c1a0+0x2d9c]
J 4189 C1 javafx.scene.Scene$ScenePeerListener.mouseEvent(Ljavafx/event/EventType;DDDDLjavafx/scene/input/MouseButton;ZZZZZZZZZ)V (50 bytes) @ 0x00000001113a2ef4 [0x00000001113a2c20+0x2d4]
J 4184 C1 com.sun.javafx.tk.quantum.GlassViewEventHandler$MouseEventNotification.run()Ljava/lang/Void; (567 bytes) @ 0x00000001113a0e9c [0x00000001113a00c0+0xddc]
J 4183 C1 com.sun.javafx.tk.quantum.GlassViewEventHandler$MouseEventNotification.run()Ljava/lang/Object; (5 bytes) @ 0x000000011139760c [0x0000000111397580+0x8c]
v  ~StubRoutines::call_stub
J 2157  java.security.AccessController.doPrivileged(Ljava/security/PrivilegedAction;Ljava/security/AccessControlContext;)Ljava/lang/Object; (0 bytes) @ 0x0000000110f46163 [0x0000000110f46100+0x63]
J 4149 C1 com.sun.javafx.tk.quantum.GlassViewEventHandler$$Lambda$193.get()Ljava/lang/Object; (8 bytes) @ 0x0000000111379524 [0x0000000111379340+0x1e4]
J 4927 C2 com.sun.javafx.tk.quantum.QuantumToolkit.runWithoutRenderLock(Ljava/util/function/Supplier;)Ljava/lang/Object; (49 bytes) @ 0x0000000111636984 [0x0000000111636920+0x64]
J 4146 C1 com.sun.javafx.tk.quantum.GlassViewEventHandler.handleMouseEvent(Lcom/sun/glass/ui/View;JIIIIIIIZZ)V (108 bytes) @ 0x0000000111375a24 [0x0000000111375600+0x424]
J 3975 C1 com.sun.glass.ui.View.notifyMouse(IIIIIIIZZ)V (221 bytes) @ 0x00000001112c6504 [0x00000001112c54a0+0x1064]
v  ~StubRoutines::call_stub

---------------  P R O C E S S  ---------------

Java Threads: ( => current thread )
  0x00007f8b1c89a000 JavaThread "Prism Font Disposer" daemon [_thread_blocked, id=54223, stack(0x0000700005036000,0x0000700005136000)]
  0x00007f8b1c8b5800 JavaThread "JavaFX-Launcher" [_thread_blocked, id=49411, stack(0x0000700004eb0000,0x0000700004fb0000)]
  0x00007f8b1d8e5000 JavaThread "Thread-3" daemon [_thread_in_native, id=36867, stack(0x0000700004daa000,0x0000700004e2a000)]
=>0x00007f8b1c896000 JavaThread "JavaFX Application Thread" [_thread_in_native, id=2059, stack(0x00007fff567e1000,0x00007fff56fe1000)]
  0x00007f8b1d146000 JavaThread "Thread-1" daemon [_thread_blocked, id=25095, stack(0x0000700004ca7000,0x0000700004da7000)]
  0x00007f8b1c0f3800 JavaThread "QuantumRenderer-0" daemon [_thread_blocked, id=19715, stack(0x0000700004ba4000,0x0000700004ca4000)]
  0x00007f8b1c80d000 JavaThread "Service Thread" daemon [_thread_blocked, id=18691, stack(0x000070000499e000,0x0000700004a9e000)]
  0x00007f8b1c80c800 JavaThread "C1 CompilerThread2" daemon [_thread_blocked, id=18179, stack(0x000070000489b000,0x000070000499b000)]
  0x00007f8b1d014000 JavaThread "C2 CompilerThread1" daemon [_thread_blocked, id=17667, stack(0x0000700004798000,0x0000700004898000)]
  0x00007f8b1d868800 JavaThread "C2 CompilerThread0" daemon [_thread_blocked, id=17155, stack(0x0000700004695000,0x0000700004795000)]
  0x00007f8b1d868000 JavaThread "Signal Dispatcher" daemon [_thread_blocked, id=16643, stack(0x0000700004592000,0x0000700004692000)]
  0x00007f8b1c003800 JavaThread "Finalizer" daemon [_thread_blocked, id=12291, stack(0x000070000440c000,0x000070000450c000)]
  0x00007f8b1d836800 JavaThread "Reference Handler" daemon [_thread_blocked, id=11779, stack(0x0000700004309000,0x0000700004409000)]
  0x00007f8b1d807000 JavaThread "main" [_thread_blocked, id=6915, stack(0x0000700003cf7000,0x0000700003df7000)]

Other Threads:
  0x00007f8b1d832000 VMThread [stack: 0x0000700004206000,0x0000700004306000] [id=11267]
  0x00007f8b1d00f800 WatcherThread [stack: 0x0000700004aa1000,0x0000700004ba1000] [id=19203]

VM state:not at safepoint (normal execution)

VM Mutex/Monitor currently owned by a thread: None

Heap:
 PSYoungGen      total 144384K, used 91234K [0x0000000795580000, 0x00000007aad00000, 0x00000007c0000000)
  eden space 131584K, 59% used [0x0000000795580000,0x000000079a228ad8,0x000000079d600000)
  from space 12800K, 99% used [0x000000079d600000,0x000000079e26fd70,0x000000079e280000)
  to   space 64512K, 0% used [0x00000007a6e00000,0x00000007a6e00000,0x00000007aad00000)
 ParOldGen       total 223232K, used 110633K [0x0000000740000000, 0x000000074da00000, 0x0000000795580000)
  object space 223232K, 49% used [0x0000000740000000,0x0000000746c0a548,0x000000074da00000)
 Metaspace       used 24199K, capacity 25792K, committed 25984K, reserved 1071104K
  class space    used 3395K, capacity 3682K, committed 3712K, reserved 1048576K

Card table byte_map: [0x000000010a8b4000,0x000000010acb5000] byte_map_base: 0x0000000106eb4000

Marking Bits: (ParMarkBitMap*) 0x0000000109e94640
 Begin Bits: [0x000000010af60000, 0x000000010cf60000)
 End Bits:   [0x000000010cf60000, 0x000000010ef60000)

Polling page: 0x0000000108cdf000

CodeCache: size=245760Kb used=14365Kb max_used=14376Kb free=231394Kb
 bounds [0x0000000110820000, 0x0000000111640000, 0x000000011f820000]
 total_blobs=5133 nmethods=4431 adapters=615
 compilation: enabled

Compilation events (10 events):
Event: 50.356 Thread 0x00007f8b1d014000 4927   !   4       com.sun.javafx.tk.quantum.QuantumToolkit::runWithoutRenderLock (49 bytes)
Event: 50.361 Thread 0x00007f8b1d014000 nmethod 4927 0x0000000111636790 code [0x0000000111636920, 0x0000000111636c18]
Event: 50.623 Thread 0x00007f8b1c80c800 4928       3       com.sun.scenario.animation.shared.SingleLoopClipEnvelope::setAutoReverse (1 bytes)
Event: 50.623 Thread 0x00007f8b1c80c800 nmethod 4928 0x000000011162d090 code [0x000000011162d1e0, 0x000000011162d330]
Event: 50.634 Thread 0x00007f8b1c80c800 4929       3       javafx.scene.control.Labeled$StyleableProperties$11::getStyleableProperty (9 bytes)
Event: 50.635 Thread 0x00007f8b1c80c800 nmethod 4929 0x0000000111635c10 code [0x0000000111635dc0, 0x00000001116364e8]
Event: 50.635 Thread 0x00007f8b1c80c800 4930       3       javafx.scene.control.Labeled$StyleableProperties$11::getStyleableProperty (8 bytes)
Event: 50.636 Thread 0x00007f8b1c80c800 nmethod 4930 0x0000000111635310 code [0x00000001116354a0, 0x0000000111635a08]
Event: 50.638 Thread 0x00007f8b1d868800 4931       4       java.lang.Integer::hashCode (8 bytes)
Event: 50.638 Thread 0x00007f8b1d868800 nmethod 4931 0x0000000110b590d0 code [0x0000000110b59220, 0x0000000110b59278]

GC Heap History (10 events):
Event: 3.575 GC heap before
{Heap before GC invocations=5 (full 0):
 PSYoungGen      total 71680K, used 71664K [0x0000000795580000, 0x000000079a080000, 0x00000007c0000000)
  eden space 66560K, 100% used [0x0000000795580000,0x0000000799680000,0x0000000799680000)
  from space 5120K, 99% used [0x0000000799b80000,0x000000079a07c030,0x000000079a080000)
  to   space 5120K, 0% used [0x0000000799680000,0x0000000799680000,0x0000000799b80000)
 ParOldGen       total 87552K, used 8958K [0x0000000740000000, 0x0000000745580000, 0x0000000795580000)
  object space 87552K, 10% used [0x0000000740000000,0x00000007408bf948,0x0000000745580000)
 Metaspace       used 16787K, capacity 17274K, committed 17536K, reserved 1064960K
  class space    used 2192K, capacity 2361K, committed 2432K, reserved 1048576K
Event: 3.587 GC heap after
Heap after GC invocations=5 (full 0):
 PSYoungGen      total 71680K, used 5099K [0x0000000795580000, 0x000000079ed80000, 0x00000007c0000000)
  eden space 66560K, 0% used [0x0000000795580000,0x0000000795580000,0x0000000799680000)
  from space 5120K, 99% used [0x0000000799680000,0x0000000799b7af60,0x0000000799b80000)
  to   space 11264K, 0% used [0x000000079e280000,0x000000079e280000,0x000000079ed80000)
 ParOldGen       total 87552K, used 12514K [0x0000000740000000, 0x0000000745580000, 0x0000000795580000)
  object space 87552K, 14% used [0x0000000740000000,0x0000000740c38990,0x0000000745580000)
 Metaspace       used 16787K, capacity 17274K, committed 17536K, reserved 1064960K
  class space    used 2192K, capacity 2361K, committed 2432K, reserved 1048576K
}
Event: 8.153 GC heap before
{Heap before GC invocations=6 (full 0):
 PSYoungGen      total 71680K, used 22978K [0x0000000795580000, 0x000000079ed80000, 0x00000007c0000000)
  eden space 66560K, 26% used [0x0000000795580000,0x00000007966f5ac8,0x0000000799680000)
  from space 5120K, 99% used [0x0000000799680000,0x0000000799b7af60,0x0000000799b80000)
  to   space 11264K, 0% used [0x000000079e280000,0x000000079e280000,0x000000079ed80000)
 ParOldGen       total 87552K, used 12514K [0x0000000740000000, 0x0000000745580000, 0x0000000795580000)
  object space 87552K, 14% used [0x0000000740000000,0x0000000740c38990,0x0000000745580000)
 Metaspace       used 20360K, capacity 21212K, committed 21248K, reserved 1067008K
  class space    used 2829K, capacity 3054K, committed 3072K, reserved 1048576K
Event: 8.172 GC heap after
Heap after GC invocations=6 (full 0):
 PSYoungGen      total 142848K, used 11243K [0x0000000795580000, 0x000000079f080000, 0x00000007c0000000)
  eden space 131584K, 0% used [0x0000000795580000,0x0000000795580000,0x000000079d600000)
  from space 11264K, 99% used [0x000000079e280000,0x000000079ed7acf8,0x000000079ed80000)
  to   space 12800K, 0% used [0x000000079d600000,0x000000079d600000,0x000000079e280000)
 ParOldGen       total 87552K, used 12972K [0x0000000740000000, 0x0000000745580000, 0x0000000795580000)
  object space 87552K, 14% used [0x0000000740000000,0x0000000740cab250,0x0000000745580000)
 Metaspace       used 20360K, capacity 21212K, committed 21248K, reserved 1067008K
  class space    used 2829K, capacity 3054K, committed 3072K, reserved 1048576K
}
Event: 8.172 GC heap before
{Heap before GC invocations=7 (full 1):
 PSYoungGen      total 142848K, used 11243K [0x0000000795580000, 0x000000079f080000, 0x00000007c0000000)
  eden space 131584K, 0% used [0x0000000795580000,0x0000000795580000,0x000000079d600000)
  from space 11264K, 99% used [0x000000079e280000,0x000000079ed7acf8,0x000000079ed80000)
  to   space 12800K, 0% used [0x000000079d600000,0x000000079d600000,0x000000079e280000)
 ParOldGen       total 87552K, used 12972K [0x0000000740000000, 0x0000000745580000, 0x0000000795580000)
  object space 87552K, 14% used [0x0000000740000000,0x0000000740cab250,0x0000000745580000)
 Metaspace       used 20360K, capacity 21212K, committed 21248K, reserved 1067008K
  class space    used 2829K, capacity 3054K, committed 3072K, reserved 1048576K
Event: 8.224 GC heap after
Heap after GC invocations=7 (full 1):
 PSYoungGen      total 142848K, used 0K [0x0000000795580000, 0x000000079f080000, 0x00000007c0000000)
  eden space 131584K, 0% used [0x0000000795580000,0x0000000795580000,0x000000079d600000)
  from space 11264K, 0% used [0x000000079e280000,0x000000079e280000,0x000000079ed80000)
  to   space 12800K, 0% used [0x000000079d600000,0x000000079d600000,0x000000079e280000)
 ParOldGen       total 59904K, used 11341K [0x0000000740000000, 0x0000000743a80000, 0x0000000795580000)
  object space 59904K, 18% used [0x0000000740000000,0x0000000740b137d8,0x0000000743a80000)
 Metaspace       used 20360K, capacity 21212K, committed 21248K, reserved 1067008K
  class space    used 2829K, capacity 3054K, committed 3072K, reserved 1048576K
}
Event: 17.133 GC heap before
{Heap before GC invocations=8 (full 1):
 PSYoungGen      total 142848K, used 131052K [0x0000000795580000, 0x000000079f080000, 0x00000007c0000000)
  eden space 131584K, 99% used [0x0000000795580000,0x000000079d57b158,0x000000079d600000)
  from space 11264K, 0% used [0x000000079e280000,0x000000079e280000,0x000000079ed80000)
  to   space 12800K, 0% used [0x000000079d600000,0x000000079d600000,0x000000079e280000)
 ParOldGen       total 59904K, used 11341K [0x0000000740000000, 0x0000000743a80000, 0x0000000795580000)
  object space 59904K, 18% used [0x0000000740000000,0x0000000740b137d8,0x0000000743a80000)
 Metaspace       used 21574K, capacity 22714K, committed 22784K, reserved 1069056K
  class space    used 3038K, capacity 3301K, committed 3328K, reserved 1048576K
Event: 17.175 GC heap after
Heap after GC invocations=8 (full 1):
 PSYoungGen      total 144384K, used 12773K [0x0000000795580000, 0x00000007aad00000, 0x00000007c0000000)
  eden space 131584K, 0% used [0x0000000795580000,0x0000000795580000,0x000000079d600000)
  from space 12800K, 99% used [0x000000079d600000,0x000000079e2796e0,0x000000079e280000)
  to   space 64512K, 0% used [0x00000007a6e00000,0x00000007a6e00000,0x00000007aad00000)
 ParOldGen       total 112128K, used 110707K [0x0000000740000000, 0x0000000746d80000, 0x0000000795580000)
  object space 112128K, 98% used [0x0000000740000000,0x0000000746c1cee8,0x0000000746d80000)
 Metaspace       used 21574K, capacity 22714K, committed 22784K, reserved 1069056K
  class space    used 3038K, capacity 3301K, committed 3328K, reserved 1048576K
}
Event: 17.175 GC heap before
{Heap before GC invocations=9 (full 2):
 PSYoungGen      total 144384K, used 12773K [0x0000000795580000, 0x00000007aad00000, 0x00000007c0000000)
  eden space 131584K, 0% used [0x0000000795580000,0x0000000795580000,0x000000079d600000)
  from space 12800K, 99% used [0x000000079d600000,0x000000079e2796e0,0x000000079e280000)
  to   space 64512K, 0% used [0x00000007a6e00000,0x00000007a6e00000,0x00000007aad00000)
 ParOldGen       total 112128K, used 110707K [0x0000000740000000, 0x0000000746d80000, 0x0000000795580000)
  object space 112128K, 98% used [0x0000000740000000,0x0000000746c1cee8,0x0000000746d80000)
 Metaspace       used 21574K, capacity 22714K, committed 22784K, reserved 1069056K
  class space    used 3038K, capacity 3301K, committed 3328K, reserved 1048576K
Event: 17.263 GC heap after
Heap after GC invocations=9 (full 2):
 PSYoungGen      total 144384K, used 12735K [0x0000000795580000, 0x00000007aad00000, 0x00000007c0000000)
  eden space 131584K, 0% used [0x0000000795580000,0x0000000795580000,0x000000079d600000)
  from space 12800K, 99% used [0x000000079d600000,0x000000079e26fd70,0x000000079e280000)
  to   space 64512K, 0% used [0x00000007a6e00000,0x00000007a6e00000,0x00000007aad00000)
 ParOldGen       total 223232K, used 110633K [0x0000000740000000, 0x000000074da00000, 0x0000000795580000)
  object space 223232K, 49% used [0x0000000740000000,0x0000000746c0a548,0x000000074da00000)
 Metaspace       used 21574K, capacity 22714K, committed 22784K, reserved 1069056K
  class space    used 3038K, capacity 3301K, committed 3328K, reserved 1048576K
}

Deoptimization events (10 events):
Event: 33.061 Thread 0x00007f8b1c896000 Uncommon trap: reason=class_check action=maybe_recompile pc=0x000000011142572c method=javafx.scene.Node$MiscProperties.getEffect()Ljavafx/scene/effect/Effect; @ 20
Event: 33.601 Thread 0x00007f8b1c896000 Uncommon trap: reason=bimorphic action=maybe_recompile pc=0x00000001113d47f0 method=javafx.beans.property.BooleanPropertyBase.get()Z @ 23
Event: 33.601 Thread 0x00007f8b1c896000 Uncommon trap: reason=bimorphic action=maybe_recompile pc=0x00000001113a7880 method=javafx.beans.property.BooleanPropertyBase.get()Z @ 23
Event: 41.881 Thread 0x00007f8b1c896000 Uncommon trap: reason=class_check action=maybe_recompile pc=0x000000011142572c method=javafx.scene.Node$MiscProperties.getEffect()Ljavafx/scene/effect/Effect; @ 20
Event: 41.881 Thread 0x00007f8b1c896000 Uncommon trap: reason=class_check action=maybe_recompile pc=0x000000011142572c method=javafx.scene.Node$MiscProperties.getEffect()Ljavafx/scene/effect/Effect; @ 20
Event: 42.865 Thread 0x00007f8b1c896000 Uncommon trap: reason=unstable_if action=reinterpret pc=0x00000001112187c8 method=java.io.SequenceInputStream.read([BII)I @ 65
Event: 42.920 Thread 0x00007f8b1c896000 Uncommon trap: reason=unstable_if action=reinterpret pc=0x000000011124fde4 method=com.sun.javafx.css.ParsedValueImpl.containsFontRelativeSize(Ljavafx/css/ParsedValue;Z)Z @ 193
Event: 42.920 Thread 0x00007f8b1c896000 Uncommon trap: reason=unstable_if action=reinterpret pc=0x00000001109f6f18 method=javafx.scene.CssStyleHelper.lookup(Ljavafx/css/Styleable;Ljavafx/css/CssMetaData;Lcom/sun/javafx/css/StyleMap;Ljava/util/Set;Ljavafx/css/Styleable;Lcom/sun/javafx/css/Calcul
Event: 43.012 Thread 0x00007f8b1c0f3800 Uncommon trap: reason=unstable_if action=reinterpret pc=0x0000000110b644e0 method=java.util.HashMap.removeNode(ILjava/lang/Object;Ljava/lang/Object;ZZ)Ljava/util/HashMap$Node; @ 58
Event: 46.730 Thread 0x00007f8b1c896000 Uncommon trap: reason=unstable_if action=reinterpret pc=0x000000011139264c method=javafx.scene.Node.impl_intersectsBounds(Lcom/sun/javafx/geom/PickRay;)D @ 902

Internal exceptions (10 events):
Event: 17.133 Thread 0x00007f8b1c896000 Exception <a 'java/io/FileNotFoundException'> (0x000000079c9d9800) thrown at [/Users/java_re/workspace/8-2-build-macosx-x86_64/jdk8u112/7494.nc/hotspot/src/share/vm/prims/jni.cpp, line 709]
Event: 17.315 Thread 0x00007f8b1c896000 Exception <a 'java/io/FileNotFoundException'> (0x0000000796077710) thrown at [/Users/java_re/workspace/8-2-build-macosx-x86_64/jdk8u112/7494.nc/hotspot/src/share/vm/prims/jni.cpp, line 709]
Event: 17.318 Thread 0x00007f8b1c896000 Exception <a 'java/io/FileNotFoundException'> (0x00000007960a4508) thrown at [/Users/java_re/workspace/8-2-build-macosx-x86_64/jdk8u112/7494.nc/hotspot/src/share/vm/prims/jni.cpp, line 709]
Event: 17.359 Thread 0x00007f8b1c896000 Exception <a 'java/io/FileNotFoundException'> (0x00000007960ba678) thrown at [/Users/java_re/workspace/8-2-build-macosx-x86_64/jdk8u112/7494.nc/hotspot/src/share/vm/prims/jni.cpp, line 709]
Event: 17.363 Thread 0x00007f8b1c896000 Exception <a 'java/io/FileNotFoundException'> (0x0000000796168da0) thrown at [/Users/java_re/workspace/8-2-build-macosx-x86_64/jdk8u112/7494.nc/hotspot/src/share/vm/prims/jni.cpp, line 709]
Event: 17.461 Thread 0x00007f8b1c896000 Exception <a 'java/io/FileNotFoundException'> (0x00000007962a9f68) thrown at [/Users/java_re/workspace/8-2-build-macosx-x86_64/jdk8u112/7494.nc/hotspot/src/share/vm/prims/jni.cpp, line 709]
Event: 17.489 Thread 0x00007f8b1c896000 Exception <a 'java/io/FileNotFoundException'> (0x0000000797b84848) thrown at [/Users/java_re/workspace/8-2-build-macosx-x86_64/jdk8u112/7494.nc/hotspot/src/share/vm/prims/jni.cpp, line 709]
Event: 17.682 Thread 0x00007f8b1c896000 Implicit null exception at 0x0000000110b0091a to 0x0000000110b011ad
Event: 26.520 Thread 0x00007f8b1c896000 Implicit null exception at 0x000000011136f291 to 0x000000011136feb5
Event: 42.864 Thread 0x00007f8b1c896000 Exception <a 'java/io/FileNotFoundException'> (0x00000007998b5b40) thrown at [/Users/java_re/workspace/8-2-build-macosx-x86_64/jdk8u112/7494.nc/hotspot/src/share/vm/prims/jni.cpp, line 709]

Events (10 events):
Event: 43.012 Thread 0x00007f8b1c0f3800 DEOPT UNPACKING pc=0x0000000110824f69 sp=0x0000700004ca0600 mode 2
Event: 43.018 loading class com/sun/prism/shader/FillRoundRect_LinearGradient_PAD_Loader
Event: 43.018 loading class com/sun/prism/shader/FillRoundRect_LinearGradient_PAD_Loader done
Event: 43.040 Executing VM operation: RevokeBias
Event: 43.040 Executing VM operation: RevokeBias done
Event: 46.730 Thread 0x00007f8b1c896000 Uncommon trap: trap_request=0xffffff65 fr.pc=0x000000011139264c
Event: 46.730 Thread 0x00007f8b1c896000 DEOPT PACKING pc=0x000000011139264c sp=0x00007fff56fd7550
Event: 46.730 Thread 0x00007f8b1c896000 DEOPT UNPACKING pc=0x0000000110824f69 sp=0x00007fff56fd7440 mode 2
Event: 49.221 loading class util/RelativePathFinder
Event: 49.221 loading class util/RelativePathFinder done


Dynamic libraries:
0x0000000011555000 	/System/Library/Frameworks/Cocoa.framework/Versions/A/Cocoa
0x0000000011555000 	/System/Library/Frameworks/Security.framework/Versions/A/Security
0x0000000011555000 	/System/Library/Frameworks/ApplicationServices.framework/Versions/A/ApplicationServices
0x0000000011555000 	/usr/lib/libz.1.dylib
0x0000000011555000 	/usr/lib/libSystem.B.dylib
0x0000000011555000 	/usr/lib/libobjc.A.dylib
0x0000000011555000 	/System/Library/Frameworks/CoreFoundation.framework/Versions/A/CoreFoundation
0x0000000011555000 	/System/Library/Frameworks/Foundation.framework/Versions/C/Foundation
0x0000000011555000 	/System/Library/Frameworks/AppKit.framework/Versions/C/AppKit
0x0000000011555000 	/System/Library/Frameworks/CoreData.framework/Versions/A/CoreData
0x0000000011555000 	/System/Library/PrivateFrameworks/RemoteViewServices.framework/Versions/A/RemoteViewServices
0x0000000011555000 	/System/Library/PrivateFrameworks/UIFoundation.framework/Versions/A/UIFoundation
0x0000000011555000 	/usr/lib/libenergytrace.dylib
0x0000000011555000 	/System/Library/PrivateFrameworks/SkyLight.framework/Versions/A/SkyLight
0x0000000011555000 	/System/Library/Frameworks/CoreGraphics.framework/Versions/A/CoreGraphics
0x0000000011555000 	/usr/lib/libScreenReader.dylib
0x0000000011555000 	/System/Library/Frameworks/Accelerate.framework/Versions/A/Accelerate
0x0000000011555000 	/System/Library/Frameworks/IOSurface.framework/Versions/A/IOSurface
0x0000000011555000 	/System/Library/Frameworks/AudioToolbox.framework/Versions/A/AudioToolbox
0x0000000011555000 	/System/Library/Frameworks/AudioUnit.framework/Versions/A/AudioUnit
0x0000000011555000 	/System/Library/PrivateFrameworks/DataDetectorsCore.framework/Versions/A/DataDetectorsCore
0x0000000011555000 	/System/Library/PrivateFrameworks/DesktopServicesPriv.framework/Versions/A/DesktopServicesPriv
0x0000000011555000 	/System/Library/Frameworks/Carbon.framework/Versions/A/Frameworks/HIToolbox.framework/Versions/A/HIToolbox
0x0000000011555000 	/usr/lib/libicucore.A.dylib
0x0000000011555000 	/System/Library/Frameworks/QuartzCore.framework/Versions/A/QuartzCore
0x0000000011555000 	/System/Library/Frameworks/Carbon.framework/Versions/A/Frameworks/SpeechRecognition.framework/Versions/A/SpeechRecognition
0x0000000011555000 	/usr/lib/libauto.dylib
0x0000000011555000 	/usr/lib/libxml2.2.dylib
0x0000000011555000 	/System/Library/PrivateFrameworks/CoreUI.framework/Versions/A/CoreUI
0x0000000011555000 	/System/Library/Frameworks/CoreAudio.framework/Versions/A/CoreAudio
0x0000000011555000 	/System/Library/Frameworks/DiskArbitration.framework/Versions/A/DiskArbitration
0x0000000011555000 	/usr/lib/liblangid.dylib
0x0000000011555000 	/System/Library/PrivateFrameworks/MultitouchSupport.framework/Versions/A/MultitouchSupport
0x0000000011555000 	/System/Library/Frameworks/IOKit.framework/Versions/A/IOKit
0x0000000011555000 	/usr/lib/libDiagnosticMessagesClient.dylib
0x0000000011555000 	/System/Library/Frameworks/CoreServices.framework/Versions/A/CoreServices
0x0000000011555000 	/System/Library/PrivateFrameworks/PerformanceAnalysis.framework/Versions/A/PerformanceAnalysis
0x0000000011555000 	/System/Library/PrivateFrameworks/GenerationalStorage.framework/Versions/A/GenerationalStorage
0x0000000011555000 	/System/Library/Frameworks/OpenGL.framework/Versions/A/OpenGL
0x0000000011555000 	/System/Library/Frameworks/CoreImage.framework/Versions/A/CoreImage
0x0000000011555000 	/System/Library/Frameworks/CoreText.framework/Versions/A/CoreText
0x0000000011555000 	/System/Library/Frameworks/ImageIO.framework/Versions/A/ImageIO
0x0000000011555000 	/System/Library/PrivateFrameworks/Backup.framework/Versions/A/Backup
0x0000000011555000 	/usr/lib/libarchive.2.dylib
0x0000000011555000 	/System/Library/Frameworks/CFNetwork.framework/Versions/A/CFNetwork
0x0000000011555000 	/System/Library/Frameworks/SystemConfiguration.framework/Versions/A/SystemConfiguration
0x0000000011555000 	/usr/lib/libCRFSuite.dylib
0x0000000011555000 	/usr/lib/libc++.1.dylib
0x0000000011555000 	/usr/lib/libc++abi.dylib
0x0000000011555000 	/usr/lib/system/libcache.dylib
0x0000000011555000 	/usr/lib/system/libcommonCrypto.dylib
0x0000000011555000 	/usr/lib/system/libcompiler_rt.dylib
0x0000000011555000 	/usr/lib/system/libcopyfile.dylib
0x0000000011555000 	/usr/lib/system/libcorecrypto.dylib
0x0000000011555000 	/usr/lib/system/libdispatch.dylib
0x0000000011555000 	/usr/lib/system/libdyld.dylib
0x0000000011555000 	/usr/lib/system/libkeymgr.dylib
0x0000000011555000 	/usr/lib/system/liblaunch.dylib
0x0000000011555000 	/usr/lib/system/libmacho.dylib
0x0000000011555000 	/usr/lib/system/libquarantine.dylib
0x0000000011555000 	/usr/lib/system/libremovefile.dylib
0x0000000011555000 	/usr/lib/system/libsystem_asl.dylib
0x0000000011555000 	/usr/lib/system/libsystem_blocks.dylib
0x0000000011555000 	/usr/lib/system/libsystem_c.dylib
0x0000000011555000 	/usr/lib/system/libsystem_configuration.dylib
0x0000000011555000 	/usr/lib/system/libsystem_coreservices.dylib
0x0000000011555000 	/usr/lib/system/libsystem_coretls.dylib
0x0000000011555000 	/usr/lib/system/libsystem_dnssd.dylib
0x0000000011555000 	/usr/lib/system/libsystem_info.dylib
0x0000000011555000 	/usr/lib/system/libsystem_kernel.dylib
0x0000000011555000 	/usr/lib/system/libsystem_m.dylib
0x0000000011555000 	/usr/lib/system/libsystem_malloc.dylib
0x0000000011555000 	/usr/lib/system/libsystem_network.dylib
0x0000000011555000 	/usr/lib/system/libsystem_networkextension.dylib
0x0000000011555000 	/usr/lib/system/libsystem_notify.dylib
0x0000000011555000 	/usr/lib/system/libsystem_platform.dylib
0x0000000011555000 	/usr/lib/system/libsystem_pthread.dylib
0x0000000011555000 	/usr/lib/system/libsystem_sandbox.dylib
0x0000000011555000 	/usr/lib/system/libsystem_secinit.dylib
0x0000000011555000 	/usr/lib/system/libsystem_symptoms.dylib
0x0000000011555000 	/usr/lib/system/libsystem_trace.dylib
0x0000000011555000 	/usr/lib/system/libunwind.dylib
0x0000000011555000 	/usr/lib/system/libxpc.dylib
0x0000000011555000 	/usr/lib/libbsm.0.dylib
0x0000000011555000 	/usr/lib/system/libkxld.dylib
0x0000000011555000 	/usr/lib/libcoretls.dylib
0x0000000011555000 	/usr/lib/libcoretls_cfhelpers.dylib
0x0000000011555000 	/usr/lib/libxar.1.dylib
0x0000000011555000 	/usr/lib/libsqlite3.dylib
0x0000000011555000 	/usr/lib/libpam.2.dylib
0x0000000011555000 	/usr/lib/libOpenScriptingUtil.dylib
0x0000000011555000 	/usr/lib/libbz2.1.0.dylib
0x0000000011555000 	/usr/lib/liblzma.5.dylib
0x0000000011555000 	/usr/lib/libnetwork.dylib
0x0000000011555000 	/usr/lib/libpcap.A.dylib
0x0000000011555000 	/System/Library/Frameworks/CoreServices.framework/Versions/A/Frameworks/FSEvents.framework/Versions/A/FSEvents
0x0000000011555000 	/System/Library/Frameworks/CoreServices.framework/Versions/A/Frameworks/CarbonCore.framework/Versions/A/CarbonCore
0x0000000011555000 	/System/Library/Frameworks/CoreServices.framework/Versions/A/Frameworks/Metadata.framework/Versions/A/Metadata
0x0000000011555000 	/System/Library/Frameworks/CoreServices.framework/Versions/A/Frameworks/OSServices.framework/Versions/A/OSServices
0x0000000011555000 	/System/Library/Frameworks/CoreServices.framework/Versions/A/Frameworks/SearchKit.framework/Versions/A/SearchKit
0x0000000011555000 	/System/Library/Frameworks/CoreServices.framework/Versions/A/Frameworks/AE.framework/Versions/A/AE
0x0000000011555000 	/System/Library/Frameworks/CoreServices.framework/Versions/A/Frameworks/LaunchServices.framework/Versions/A/LaunchServices
0x0000000011555000 	/System/Library/Frameworks/CoreServices.framework/Versions/A/Frameworks/DictionaryServices.framework/Versions/A/DictionaryServices
0x0000000011555000 	/System/Library/Frameworks/CoreServices.framework/Versions/A/Frameworks/SharedFileList.framework/Versions/A/SharedFileList
0x0000000011555000 	/System/Library/Frameworks/NetFS.framework/Versions/A/NetFS
0x0000000011555000 	/System/Library/PrivateFrameworks/NetAuth.framework/Versions/A/NetAuth
0x0000000011555000 	/System/Library/PrivateFrameworks/login.framework/Versions/A/Frameworks/loginsupport.framework/Versions/A/loginsupport
0x0000000011555000 	/System/Library/PrivateFrameworks/TCC.framework/Versions/A/TCC
0x0000000011555000 	/usr/lib/libmecabra.dylib
0x0000000011555000 	/System/Library/Frameworks/ApplicationServices.framework/Versions/A/Frameworks/ATS.framework/Versions/A/ATS
0x0000000011555000 	/System/Library/Frameworks/ApplicationServices.framework/Versions/A/Frameworks/ColorSync.framework/Versions/A/ColorSync
0x0000000011555000 	/System/Library/Frameworks/ApplicationServices.framework/Versions/A/Frameworks/HIServices.framework/Versions/A/HIServices
0x0000000011555000 	/System/Library/Frameworks/ApplicationServices.framework/Versions/A/Frameworks/LangAnalysis.framework/Versions/A/LangAnalysis
0x0000000011555000 	/System/Library/Frameworks/ApplicationServices.framework/Versions/A/Frameworks/PrintCore.framework/Versions/A/PrintCore
0x0000000011555000 	/System/Library/Frameworks/ApplicationServices.framework/Versions/A/Frameworks/QD.framework/Versions/A/QD
0x0000000011555000 	/System/Library/Frameworks/ApplicationServices.framework/Versions/A/Frameworks/SpeechSynthesis.framework/Versions/A/SpeechSynthesis
0x0000000011555000 	/System/Library/Frameworks/Accelerate.framework/Versions/A/Frameworks/vImage.framework/Versions/A/vImage
0x0000000011555000 	/System/Library/Frameworks/Accelerate.framework/Versions/A/Frameworks/vecLib.framework/Versions/A/vecLib
0x0000000011555000 	/System/Library/Frameworks/Accelerate.framework/Versions/A/Frameworks/vecLib.framework/Versions/A/libvDSP.dylib
0x0000000011555000 	/System/Library/Frameworks/Accelerate.framework/Versions/A/Frameworks/vecLib.framework/Versions/A/libBNNS.dylib
0x0000000011555000 	/System/Library/Frameworks/Accelerate.framework/Versions/A/Frameworks/vecLib.framework/Versions/A/libQuadrature.dylib
0x0000000011555000 	/System/Library/Frameworks/Accelerate.framework/Versions/A/Frameworks/vecLib.framework/Versions/A/libvMisc.dylib
0x0000000011555000 	/System/Library/Frameworks/Accelerate.framework/Versions/A/Frameworks/vecLib.framework/Versions/A/libLAPACK.dylib
0x0000000011555000 	/System/Library/Frameworks/Accelerate.framework/Versions/A/Frameworks/vecLib.framework/Versions/A/libBLAS.dylib
0x0000000011555000 	/System/Library/Frameworks/Accelerate.framework/Versions/A/Frameworks/vecLib.framework/Versions/A/libLinearAlgebra.dylib
0x0000000011555000 	/System/Library/Frameworks/Accelerate.framework/Versions/A/Frameworks/vecLib.framework/Versions/A/libSparseBLAS.dylib
0x0000000011555000 	/System/Library/Frameworks/ApplicationServices.framework/Versions/A/Frameworks/ATS.framework/Versions/A/Resources/libFontParser.dylib
0x0000000011555000 	/System/Library/Frameworks/ApplicationServices.framework/Versions/A/Frameworks/ATS.framework/Versions/A/Resources/libFontRegistry.dylib
0x0000000011555000 	/System/Library/Frameworks/ImageIO.framework/Versions/A/Resources/libJPEG.dylib
0x0000000011555000 	/System/Library/Frameworks/ImageIO.framework/Versions/A/Resources/libTIFF.dylib
0x0000000011555000 	/System/Library/Frameworks/ImageIO.framework/Versions/A/Resources/libPng.dylib
0x0000000011555000 	/System/Library/Frameworks/ImageIO.framework/Versions/A/Resources/libGIF.dylib
0x0000000011555000 	/System/Library/Frameworks/ImageIO.framework/Versions/A/Resources/libJP2.dylib
0x0000000011555000 	/System/Library/Frameworks/ImageIO.framework/Versions/A/Resources/libRadiance.dylib
0x0000000011555000 	/usr/lib/libcompression.dylib
0x0000000011555000 	/System/Library/PrivateFrameworks/AppleJPEG.framework/Versions/A/AppleJPEG
0x0000000011555000 	/usr/lib/libcups.2.dylib
0x0000000011555000 	/System/Library/Frameworks/Kerberos.framework/Versions/A/Kerberos
0x0000000011555000 	/System/Library/Frameworks/GSS.framework/Versions/A/GSS
0x0000000011555000 	/usr/lib/libresolv.9.dylib
0x0000000011555000 	/usr/lib/libiconv.2.dylib
0x0000000011555000 	/System/Library/PrivateFrameworks/Heimdal.framework/Versions/A/Heimdal
0x0000000011555000 	/usr/lib/libheimdal-asn1.dylib
0x0000000011555000 	/System/Library/Frameworks/OpenDirectory.framework/Versions/A/OpenDirectory
0x0000000011555000 	/System/Library/PrivateFrameworks/CommonAuth.framework/Versions/A/CommonAuth
0x0000000011555000 	/System/Library/Frameworks/OpenDirectory.framework/Versions/A/Frameworks/CFOpenDirectory.framework/Versions/A/CFOpenDirectory
0x0000000011555000 	/System/Library/Frameworks/SecurityFoundation.framework/Versions/A/SecurityFoundation
0x0000000011555000 	/System/Library/PrivateFrameworks/LanguageModeling.framework/Versions/A/LanguageModeling
0x0000000011555000 	/usr/lib/libmarisa.dylib
0x0000000011555000 	/usr/lib/libChineseTokenizer.dylib
0x0000000011555000 	/usr/lib/libcmph.dylib
0x0000000011555000 	/System/Library/PrivateFrameworks/CoreEmoji.framework/Versions/A/CoreEmoji
0x0000000011555000 	/System/Library/Frameworks/ServiceManagement.framework/Versions/A/ServiceManagement
0x0000000011555000 	/usr/lib/libxslt.1.dylib
0x0000000011555000 	/System/Library/Frameworks/Carbon.framework/Versions/A/Frameworks/Ink.framework/Versions/A/Ink
0x0000000011555000 	/System/Library/PrivateFrameworks/TextureIO.framework/Versions/A/TextureIO
0x0000000011555000 	/System/Library/Frameworks/Metal.framework/Versions/A/Metal
0x0000000011555000 	/usr/lib/libate.dylib
0x0000000011555000 	/System/Library/PrivateFrameworks/GPUCompiler.framework/libmetal_timestamp.dylib
0x0000000011555000 	/System/Library/Frameworks/OpenGL.framework/Versions/A/Libraries/libCoreFSCache.dylib
0x0000000011555000 	/System/Library/PrivateFrameworks/IOAccelerator.framework/Versions/A/IOAccelerator
0x0000000011555000 	/System/Library/Frameworks/CoreVideo.framework/Versions/A/CoreVideo
0x0000000011555000 	/usr/lib/libFosl_dynamic.dylib
0x0000000011555000 	/System/Library/PrivateFrameworks/MetalPerformanceShaders.framework/Versions/A/MetalPerformanceShaders
0x0000000011555000 	/System/Library/PrivateFrameworks/FaceCore.framework/Versions/A/FaceCore
0x0000000011555000 	/System/Library/Frameworks/OpenCL.framework/Versions/A/OpenCL
0x0000000011555000 	/System/Library/Frameworks/OpenGL.framework/Versions/A/Libraries/libGLU.dylib
0x0000000011555000 	/System/Library/Frameworks/OpenGL.framework/Versions/A/Libraries/libGFXShared.dylib
0x0000000011555000 	/System/Library/Frameworks/OpenGL.framework/Versions/A/Libraries/libGL.dylib
0x0000000011555000 	/System/Library/Frameworks/OpenGL.framework/Versions/A/Libraries/libGLImage.dylib
0x0000000011555000 	/System/Library/Frameworks/OpenGL.framework/Versions/A/Libraries/libCVMSPluginSupport.dylib
0x0000000011555000 	/System/Library/Frameworks/OpenGL.framework/Versions/A/Libraries/libCoreVMClient.dylib
0x0000000011555000 	/System/Library/PrivateFrameworks/CrashReporterSupport.framework/Versions/A/CrashReporterSupport
0x0000000011555000 	/System/Library/PrivateFrameworks/Sharing.framework/Versions/A/Sharing
0x0000000011555000 	/System/Library/PrivateFrameworks/IconServices.framework/Versions/A/IconServices
0x0000000011555000 	/System/Library/PrivateFrameworks/ProtocolBuffer.framework/Versions/A/ProtocolBuffer
0x0000000011555000 	/System/Library/PrivateFrameworks/Apple80211.framework/Versions/A/Apple80211
0x0000000011555000 	/System/Library/Frameworks/CoreWLAN.framework/Versions/A/CoreWLAN
0x0000000011555000 	/System/Library/PrivateFrameworks/CoreUtils.framework/Versions/A/CoreUtils
0x0000000011555000 	/System/Library/Frameworks/IOBluetooth.framework/Versions/A/IOBluetooth
0x0000000011555000 	/System/Library/PrivateFrameworks/CoreWiFi.framework/Versions/A/CoreWiFi
0x0000000011555000 	/System/Library/Frameworks/CoreBluetooth.framework/Versions/A/CoreBluetooth
0x0000000011555000 	/System/Library/Frameworks/CoreDisplay.framework/Versions/A/CoreDisplay
0x0000000011555000 	/System/Library/PrivateFrameworks/IOPresentment.framework/Versions/A/IOPresentment
0x0000000011555000 	/System/Library/PrivateFrameworks/DebugSymbols.framework/Versions/A/DebugSymbols
0x0000000011555000 	/System/Library/PrivateFrameworks/CoreSymbolication.framework/Versions/A/CoreSymbolication
0x0000000011555000 	/System/Library/PrivateFrameworks/Symbolication.framework/Versions/A/Symbolication
0x0000000011555000 	/System/Library/PrivateFrameworks/AppleFSCompression.framework/Versions/A/AppleFSCompression
0x0000000011555000 	/System/Library/PrivateFrameworks/SpeechRecognitionCore.framework/Versions/A/SpeechRecognitionCore
0x0000000011555000 	/System/Library/PrivateFrameworks/ChunkingLibrary.framework/Versions/A/ChunkingLibrary
0x0000000109600000 	/Library/Java/JavaVirtualMachines/jdk1.8.0_112.jdk/Contents/Home/jre/lib/server/libjvm.dylib
0x0000000011555000 	/usr/lib/libstdc++.6.dylib
0x0000000108c9c000 	/Library/Java/JavaVirtualMachines/jdk1.8.0_112.jdk/Contents/Home/jre/lib/libverify.dylib
0x0000000108caa000 	/Library/Java/JavaVirtualMachines/jdk1.8.0_112.jdk/Contents/Home/jre/lib/libjava.dylib
0x0000000108ce9000 	/Library/Java/JavaVirtualMachines/jdk1.8.0_112.jdk/Contents/Home/jre/lib/libzip.dylib
0x0000000110759000 	/System/Library/Frameworks/JavaVM.framework/Frameworks/JavaRuntimeSupport.framework/JavaRuntimeSupport
0x0000000110773000 	/System/Library/Frameworks/JavaVM.framework/Versions/A/Frameworks/JavaNativeFoundation.framework/Versions/A/JavaNativeFoundation
0x0000000108def000 	/System/Library/Frameworks/JavaVM.framework/Versions/A/JavaVM
0x0000000011555000 	/System/Library/Frameworks/Carbon.framework/Versions/A/Carbon
0x0000000110788000 	/System/Library/PrivateFrameworks/JavaLaunching.framework/Versions/A/JavaLaunching
0x0000000011555000 	/System/Library/Frameworks/Carbon.framework/Versions/A/Frameworks/CommonPanels.framework/Versions/A/CommonPanels
0x0000000011555000 	/System/Library/Frameworks/Carbon.framework/Versions/A/Frameworks/Help.framework/Versions/A/Help
0x0000000011555000 	/System/Library/Frameworks/Carbon.framework/Versions/A/Frameworks/ImageCapture.framework/Versions/A/ImageCapture
0x0000000011555000 	/System/Library/Frameworks/Carbon.framework/Versions/A/Frameworks/OpenScripting.framework/Versions/A/OpenScripting
0x0000000011555000 	/System/Library/Frameworks/Carbon.framework/Versions/A/Frameworks/Print.framework/Versions/A/Print
0x0000000011555000 	/System/Library/Frameworks/Carbon.framework/Versions/A/Frameworks/SecurityHI.framework/Versions/A/SecurityHI
0x00000001217c5000 	/Library/Java/JavaVirtualMachines/jdk1.8.0_112.jdk/Contents/Home/jre/lib/libprism_es2.dylib
0x0000000011555000 	/System/Library/Frameworks/OpenGL.framework/Versions/A/Resources/GLEngine.bundle/GLEngine
0x0000000011555000 	/System/Library/Frameworks/OpenGL.framework/Versions/A/Libraries/libGLProgrammability.dylib
0x000000012182b000 	/System/Library/Extensions/AppleIntelHD5000GraphicsGLDriver.bundle/Contents/MacOS/AppleIntelHD5000GraphicsGLDriver
0x0000000011555000 	/System/Library/PrivateFrameworks/GPUSupport.framework/Versions/A/Libraries/libGPUSupportMercury.dylib
0x0000000011555000 	/System/Library/Frameworks/OpenGL.framework/Versions/A/Resources/GLRendererFloat.bundle/GLRendererFloat
0x0000000011555000 	/System/Library/Frameworks/OpenCL.framework/Versions/A/Libraries/libcldcpuengine.dylib
0x0000000011555000 	/usr/lib/libcrypto.0.9.8.dylib
0x0000000011555000 	/System/Library/PrivateFrameworks/TrustEvaluationAgent.framework/Versions/A/TrustEvaluationAgent
0x00000001223dd000 	/Library/Java/JavaVirtualMachines/jdk1.8.0_112.jdk/Contents/Home/jre/lib/libglass.dylib
0x0000000011555000 	/System/Library/PrivateFrameworks/CoreServicesInternal.framework/Versions/A/CoreServicesInternal
0x0000000011555000 	/System/Library/CoreServices/RawCamera.bundle/Contents/MacOS/RawCamera
0x0000000011555000 	/System/Library/Frameworks/Accelerate.framework/Versions/A/Frameworks/vImage.framework/Versions/A/Libraries/libCGInterfaces.dylib
0x0000000011555000 	/System/Library/PrivateFrameworks/FamilyControls.framework/Versions/A/FamilyControls
0x0000000011555000 	/System/Library/PrivateFrameworks/CommerceKit.framework/Versions/A/Frameworks/CommerceCore.framework/Versions/A/CommerceCore
0x0000000011555000 	/System/Library/PrivateFrameworks/SystemAdministration.framework/Versions/A/SystemAdministration
0x0000000011555000 	/System/Library/PrivateFrameworks/AppContainer.framework/Versions/A/AppContainer
0x0000000011555000 	/System/Library/PrivateFrameworks/SecCodeWrapper.framework/Versions/A/SecCodeWrapper
0x0000000011555000 	/System/Library/Frameworks/DirectoryService.framework/Versions/A/DirectoryService
0x0000000011555000 	/System/Library/PrivateFrameworks/DiskImages.framework/Versions/A/DiskImages
0x0000000011555000 	/System/Library/PrivateFrameworks/LoginUIKit.framework/Versions/A/Frameworks/LoginUICore.framework/Versions/A/LoginUICore
0x0000000011555000 	/usr/lib/libCoreStorage.dylib
0x0000000011555000 	/usr/lib/libcsfde.dylib
0x0000000011555000 	/usr/lib/libodfde.dylib
0x0000000011555000 	/System/Library/Frameworks/DiscRecording.framework/Versions/A/DiscRecording
0x0000000011555000 	/usr/lib/libcurl.4.dylib
0x0000000011555000 	/System/Library/PrivateFrameworks/MediaKit.framework/Versions/A/MediaKit
0x0000000011555000 	/System/Library/PrivateFrameworks/ProtectedCloudStorage.framework/Versions/A/ProtectedCloudStorage
0x0000000011555000 	/System/Library/PrivateFrameworks/EFILogin.framework/Versions/A/EFILogin
0x0000000011555000 	/usr/lib/libutil.dylib
0x0000000011555000 	/System/Library/Frameworks/LDAP.framework/Versions/A/LDAP
0x0000000011555000 	/usr/lib/libsasl2.2.dylib
0x0000000011555000 	/System/Library/PrivateFrameworks/CoreDaemon.framework/Versions/B/CoreDaemon
0x0000000011555000 	/System/Library/PrivateFrameworks/AppleSRP.framework/Versions/A/AppleSRP
0x0000000011555000 	/System/Library/PrivateFrameworks/APFS.framework/Versions/A/APFS
0x0000000125581000 	/Library/Java/JavaVirtualMachines/jdk1.8.0_112.jdk/Contents/Home/jre/lib/libnio.dylib
0x0000000125591000 	/Library/Java/JavaVirtualMachines/jdk1.8.0_112.jdk/Contents/Home/jre/lib/./libnet.dylib
0x00000001225a3000 	/Library/Java/JavaVirtualMachines/jdk1.8.0_112.jdk/Contents/Home/jre/lib/libjavafx_font.dylib
0x00000001225e9000 	/Library/Java/JavaVirtualMachines/jdk1.8.0_112.jdk/Contents/Home/jre/lib/libjavafx_iio.dylib
0x0000000011555000 	/System/Library/Frameworks/ApplicationServices.framework/Versions/A/Frameworks/ATS.framework/Versions/A/Resources/libTrueTypeScaler.dylib
0x000000012a063000 	/System/Library/Extensions/AppleIntelHD5000GraphicsMTLDriver.bundle/Contents/MacOS/AppleIntelHD5000GraphicsMTLDriver
0x0000000011555000 	/System/Library/PrivateFrameworks/ViewBridge.framework/Versions/A/ViewBridge
0x0000000011555000 	/System/Library/PrivateFrameworks/XPCService.framework/Versions/A/XPCService
0x0000000011555000 	/System/Library/PrivateFrameworks/AppSandbox.framework/Versions/A/AppSandbox
0x0000000011555000 	/usr/lib/libsandbox.1.dylib
0x0000000011555000 	/usr/lib/libMatch.1.dylib
0x000000012f0cc000 	/Library/Java/JavaVirtualMachines/jdk1.8.0_112.jdk/Contents/Home/jre/lib/libprism_common.dylib
0x0000000011555000 	/System/Library/PrivateFrameworks/FinderKit.framework/Versions/A/FinderKit
0x0000000011555000 	/System/Library/Frameworks/Quartz.framework/Versions/A/Frameworks/QuickLookUI.framework/Versions/A/QuickLookUI
0x0000000011555000 	/System/Library/Frameworks/Quartz.framework/Versions/A/Frameworks/ImageKit.framework/Versions/A/ImageKit
0x0000000011555000 	/System/Library/PrivateFrameworks/Bom.framework/Versions/A/Bom
0x0000000011555000 	/System/Library/Frameworks/QuickLook.framework/Versions/A/QuickLook
0x0000000011555000 	/System/Library/PrivateFrameworks/Suggestions.framework/Versions/A/Suggestions
0x0000000011555000 	/System/Library/PrivateFrameworks/AppleSystemInfo.framework/Versions/A/AppleSystemInfo
0x0000000011555000 	/System/Library/Frameworks/ImageCaptureCore.framework/Versions/A/ImageCaptureCore
0x0000000011555000 	/System/Library/Frameworks/SafariServices.framework/Versions/A/SafariServices
0x0000000011555000 	/System/Library/Frameworks/QTKit.framework/Versions/A/QTKit
0x0000000011555000 	/System/Library/PrivateFrameworks/MobileKeyBag.framework/Versions/A/MobileKeyBag
0x0000000011555000 	/System/Library/Frameworks/AVFoundation.framework/Versions/A/AVFoundation
0x0000000011555000 	/System/Library/Frameworks/CoreMedia.framework/Versions/A/CoreMedia
0x0000000011555000 	/System/Library/Frameworks/MediaToolbox.framework/Versions/A/MediaToolbox
0x0000000011555000 	/System/Library/Frameworks/VideoToolbox.framework/Versions/A/VideoToolbox
0x0000000011555000 	/System/Library/PrivateFrameworks/CoreMediaAuthoring.framework/Versions/A/CoreMediaAuthoring
0x0000000011555000 	/System/Library/Frameworks/CoreMediaIO.framework/Versions/A/CoreMediaIO
0x0000000011555000 	/System/Library/Frameworks/AVFoundation.framework/Versions/A/Frameworks/AVFAudio.framework/Versions/A/AVFAudio
0x0000000011555000 	/System/Library/PrivateFrameworks/IntlPreferences.framework/Versions/A/IntlPreferences
0x0000000011555000 	/usr/lib/libspindump.dylib
0x0000000011555000 	/usr/lib/libdscsym.dylib
0x0000000011555000 	/System/Library/PrivateFrameworks/CoreAVCHD.framework/Versions/A/CoreAVCHD
0x0000000011555000 	/System/Library/Frameworks/MediaAccessibility.framework/Versions/A/MediaAccessibility
0x0000000011555000 	/System/Library/PrivateFrameworks/Mangrove.framework/Versions/A/Mangrove
0x0000000011555000 	/System/Library/PrivateFrameworks/CoreAUC.framework/Versions/A/CoreAUC
0x0000000011555000 	/System/Library/PrivateFrameworks/AppleVA.framework/Versions/A/AppleVA
0x0000000011555000 	/System/Library/PrivateFrameworks/QuickLookThumbnailing.framework/Versions/A/QuickLookThumbnailing
0x0000000011555000 	/System/Library/PrivateFrameworks/DisplayServices.framework/Versions/A/DisplayServices
0x0000000011555000 	/System/Library/Frameworks/Quartz.framework/Versions/A/Frameworks/PDFKit.framework/Versions/A/PDFKit
0x0000000011555000 	/System/Library/Frameworks/Quartz.framework/Versions/A/Frameworks/QuartzComposer.framework/Versions/A/QuartzComposer
0x0000000011555000 	/System/Library/Frameworks/Quartz.framework/Versions/A/Frameworks/QuartzFilters.framework/Versions/A/QuartzFilters
0x0000000011555000 	/System/Library/PrivateFrameworks/CorePDF.framework/Versions/A/CorePDF
0x0000000011555000 	/System/Library/Frameworks/JavaScriptCore.framework/Versions/A/JavaScriptCore
0x0000000011555000 	/System/Library/Frameworks/AddressBook.framework/Versions/A/AddressBook
0x0000000011555000 	/System/Library/PrivateFrameworks/ContactsPersistence.framework/Versions/A/ContactsPersistence
0x0000000011555000 	/System/Library/PrivateFrameworks/CalendarAgentLink.framework/Versions/A/CalendarAgentLink
0x0000000011555000 	/System/Library/PrivateFrameworks/ContactsFoundation.framework/Versions/A/ContactsFoundation
0x0000000011555000 	/System/Library/PrivateFrameworks/vCard.framework/Versions/A/vCard
0x0000000011555000 	/System/Library/PrivateFrameworks/ToneLibrary.framework/Versions/A/ToneLibrary
0x0000000011555000 	/System/Library/PrivateFrameworks/ToneKit.framework/Versions/A/ToneKit
0x0000000011555000 	/System/Library/PrivateFrameworks/ApplePushService.framework/Versions/A/ApplePushService
0x0000000011555000 	/System/Library/Frameworks/SecurityInterface.framework/Versions/A/SecurityInterface
0x0000000011555000 	/System/Library/PrivateFrameworks/PhoneNumbers.framework/Versions/A/PhoneNumbers
0x0000000011555000 	/System/Library/Frameworks/Quartz.framework/Versions/A/Quartz
0x0000000011555000 	/System/Library/Frameworks/Accounts.framework/Versions/A/Accounts
0x0000000011555000 	/System/Library/PrivateFrameworks/OAuth.framework/Versions/A/OAuth
0x0000000011555000 	/System/Library/PrivateFrameworks/CacheDelete.framework/Versions/A/CacheDelete
0x0000000011555000 	/System/Library/PrivateFrameworks/CloudDocs.framework/Versions/A/CloudDocs
0x0000000011555000 	/System/Library/Frameworks/CloudKit.framework/Versions/A/CloudKit
0x0000000011555000 	/System/Library/PrivateFrameworks/MMCS.framework/Versions/A/MMCS
0x0000000011555000 	/System/Library/Frameworks/CoreLocation.framework/Versions/A/CoreLocation
0x0000000011555000 	/System/Library/PrivateFrameworks/AssetCacheServices.framework/Versions/A/AssetCacheServices
0x0000000011555000 	/System/Library/PrivateFrameworks/GeoServices.framework/Versions/A/GeoServices
0x0000000011555000 	/System/Library/PrivateFrameworks/PlugInKit.framework/Versions/A/PlugInKit
0x0000000133eac000 	/System/Library/Frameworks/Security.framework/PlugIns/csparser.bundle/Contents/MacOS/csparser
0x0000000011555000 	/System/Library/PrivateFrameworks/iLifeMediaBrowser.framework/Versions/A/iLifeMediaBrowser
0x0000000011555000 	/System/Library/Frameworks/AVKit.framework/Versions/A/AVKit
0x0000000011555000 	/System/Library/PrivateFrameworks/MediaRemote.framework/Versions/A/MediaRemote
0x0000000011555000 	/System/Library/PrivateFrameworks/MediaServices.framework/Versions/A/MediaServices

VM Arguments:
jvm_args: -Dfile.encoding=UTF-8 
java_command: Main
java_class_path (initial): /Users/katzhu/Documents/workspace/voogasalad_letsjustprayitworks/bin:/Users/katzhu/Documents/workspace/voogasalad_letsjustprayitworks/xstream-1.4.9.jar:/Users/katzhu/Documents/workspace/voogasalad_letsjustprayitworks/lib/cglib-nodep-3.2.4.jar:/Users/katzhu/Documents/workspace/voogasalad_letsjustprayitworks/lib/commons-codec-1.10.jar:/Users/katzhu/Documents/workspace/voogasalad_letsjustprayitworks/lib/commons-exec-1.3.jar:/Users/katzhu/Documents/workspace/voogasalad_letsjustprayitworks/lib/commons-io-2.5.jar:/Users/katzhu/Documents/workspace/voogasalad_letsjustprayitworks/lib/commons-lang3-3.4.jar:/Users/katzhu/Documents/workspace/voogasalad_letsjustprayitworks/lib/commons-logging-1.2.jar:/Users/katzhu/Documents/workspace/voogasalad_letsjustprayitworks/lib/cssparser-0.9.20.jar:/Users/katzhu/Documents/workspace/voogasalad_letsjustprayitworks/lib/gson-2.3.1.jar:/Users/katzhu/Documents/workspace/voogasalad_letsjustprayitworks/lib/guava-19.0.jar:/Users/katzhu/Documents/workspace/voogasalad_letsjustprayitworks/lib/hamcrest-core-1.3.jar:/Users/katzhu/Documents/workspace/voogasalad_letsjustprayitworks/lib/hamcrest-library-1.3.jar:/Users/katzhu/Documents/workspace/voogasalad_letsjustprayitworks/lib/htmlunit-2.23.jar:/Users/katzhu/Documents/workspace/voogasalad_letsjustprayitworks/lib/htmlunit-core-js-2.23.jar:/Users/katzhu/Documents/workspace/voogasalad_letsjustprayitworks/lib/httpclient-4.5.2.jar:/Users/katzhu/Documents/workspace/voogasalad_letsjustprayitworks/lib/httpcore-4.4.4.jar:/Users/katzhu/Documents/workspace/voogasalad_letsjustprayitworks/lib/httpmime-4.5.2.jar:/Users/katzhu/Documents/workspace/voogasalad_letsjustprayitworks/lib/javax.servlet-api-3.1.0.jar:/Users/katzhu/Documents/workspace/voogasalad_letsjustprayitworks/lib/jetty-io-9.2.13.v20150730.jar:/Users/katzhu/Documents/workspace/voogasalad_letsjustprayitworks/lib/jetty-util-9.2.13.v20150730.jar:/Users/katzhu/Documents/workspace/voogasalad_letsjustprayitworks/lib/jna-4.1.0.jar:/Us
Launcher Type: SUN_STANDARD

Environment Variables:
PATH=/usr/bin:/bin:/usr/sbin:/sbin
SHELL=/bin/bash
DISPLAY=/private/tmp/com.apple.launchd.HqYpdbsmm6/org.macosforge.xquartz:0

Signal Handlers:
SIGSEGV: [libjvm.dylib+0x57f525], sa_mask[0]=11111111011111110111111111111111, sa_flags=SA_ONSTACK|SA_RESTART|SA_SIGINFO
SIGBUS: [libjvm.dylib+0x57f525], sa_mask[0]=11111111011111110111111111111111, sa_flags=SA_RESTART|SA_SIGINFO
SIGFPE: [libjvm.dylib+0x458e20], sa_mask[0]=11111111011111110111111111111111, sa_flags=SA_RESTART|SA_SIGINFO
SIGPIPE: [libjvm.dylib+0x458e20], sa_mask[0]=11111111011111110111111111111111, sa_flags=SA_RESTART|SA_SIGINFO
SIGXFSZ: [libjvm.dylib+0x458e20], sa_mask[0]=11111111011111110111111111111111, sa_flags=SA_RESTART|SA_SIGINFO
SIGILL: [libjvm.dylib+0x458e20], sa_mask[0]=11111111011111110111111111111111, sa_flags=SA_RESTART|SA_SIGINFO
SIGUSR1: SIG_DFL, sa_mask[0]=00000000000000000000000000000000, sa_flags=none
SIGUSR2: [libjvm.dylib+0x45893e], sa_mask[0]=00100000000000000000000000000000, sa_flags=SA_RESTART|SA_SIGINFO
SIGHUP: [libjvm.dylib+0x456f15], sa_mask[0]=11111111011111110111111111111111, sa_flags=SA_RESTART|SA_SIGINFO
SIGINT: [libjvm.dylib+0x456f15], sa_mask[0]=11111111011111110111111111111111, sa_flags=SA_RESTART|SA_SIGINFO
SIGTERM: [libjvm.dylib+0x456f15], sa_mask[0]=11111111011111110111111111111111, sa_flags=SA_RESTART|SA_SIGINFO
SIGQUIT: [libjvm.dylib+0x456f15], sa_mask[0]=11111111011111110111111111111111, sa_flags=SA_RESTART|SA_SIGINFO


---------------  S Y S T E M  ---------------

OS:Bsduname:Darwin 16.0.0 Darwin Kernel Version 16.0.0: Mon Aug 29 17:56:20 PDT 2016; root:xnu-3789.1.32~3/RELEASE_X86_64 x86_64
rlimit: STACK 8192k, CORE 0k, NPROC 709, NOFILE 10240, AS infinity
load average:3.92 3.26 2.86

CPU:total 4 (2 cores per cpu, 2 threads per core) family 6 model 69 stepping 1, cmov, cx8, fxsr, mmx, sse, sse2, sse3, ssse3, sse4.1, sse4.2, popcnt, avx, avx2, aes, clmul, erms, lzcnt, ht, tsc, tscinvbit, bmi1, bmi2

Memory: 4k page, physical 8388608k(238116k free)

/proc/meminfo:


vm_info: Java HotSpot(TM) 64-Bit Server VM (25.112-b04) for bsd-amd64 JRE (1.8.0_112-ea-b04), built on Jul 25 2016 16:02:00 by "java_re" with gcc 4.2.1 (Based on Apple Inc. build 5658) (LLVM build 2336.11.00)

time: Wed Dec 14 16:35:14 2016
elapsed time: 51 seconds (0d 0h 0m 51s)

